# JRE version: OpenJDK Runtime Environment AdoptOpenJDK (11.0.8+10) (build 11.0.8+10)
# Java VM: OpenJDK 64-Bit Server VM AdoptOpenJDK (11.0.8+10, mixed mode, tiered, compressed oops, g1 gc, windows-amd64)
Heap:
 garbage-first heap   total 262144K, used 78430K [0x0000000701400000, 0x0000000800000000)
  region size 1024K, 31 young (31744K), 9 survivors (9216K)
 Metaspace       used 12487K, capacity 12630K, committed 12928K, reserved 1060864K
  class space    used 1024K, capacity 1064K, committed 1152K, reserved 1048576K
GC Heap History (12 events):
Event: 3.278 GC heap before
{Heap before GC invocations=0 (full 0):
 garbage-first heap   total 262144K, used 25600K [0x0000000701400000, 0x0000000800000000)
  region size 1024K, 24 young (24576K), 0 survivors (0K)
 Metaspace       used 11853K, capacity 12054K, committed 12416K, reserved 1060864K
  class space    used 997K, capacity 1064K, committed 1152K, reserved 1048576K
}
Event: 3.285 GC heap after
{Heap after GC invocations=1 (full 0):
 garbage-first heap   total 262144K, used 4156K [0x0000000701400000, 0x0000000800000000)
  region size 1024K, 3 young (3072K), 3 survivors (3072K)
 Metaspace       used 11853K, capacity 12054K, committed 12416K, reserved 1060864K
  class space    used 997K, capacity 1064K, committed 1152K, reserved 1048576K
}
Event: 4.997 GC heap before
{Heap before GC invocations=1 (full 0):
 garbage-first heap   total 262144K, used 192572K [0x0000000701400000, 0x0000000800000000)
  region size 1024K, 153 young (156672K), 3 survivors (3072K)
 Metaspace       used 11915K, capacity 12118K, committed 12416K, reserved 1060864K
  class space    used 997K, capacity 1064K, committed 1152K, reserved 1048576K
}
Event: 5.017 GC heap after
{Heap after GC invocations=2 (full 0):
 garbage-first heap   total 262144K, used 28014K [0x0000000701400000, 0x0000000800000000)
  region size 1024K, 20 young (20480K), 20 survivors (20480K)
 Metaspace       used 11915K, capacity 12118K, committed 12416K, reserved 1060864K
  class space    used 997K, capacity 1064K, committed 1152K, reserved 1048576K
}
Event: 5.388 GC heap before
{Heap before GC invocations=2 (full 0):
 garbage-first heap   total 262144K, used 37230K [0x0000000701400000, 0x0000000800000000)
  region size 1024K, 28 young (28672K), 20 survivors (20480K)
 Metaspace       used 11998K, capacity 12182K, committed 12416K, reserved 1060864K
  class space    used 999K, capacity 1064K, committed 1152K, reserved 1048576K
}
Event: 5.399 GC heap after
{Heap after GC invocations=3 (full 0):
 garbage-first heap   total 262144K, used 30437K [0x0000000701400000, 0x0000000800000000)
  region size 1024K, 4 young (4096K), 4 survivors (4096K)
 Metaspace       used 11998K, capacity 12182K, committed 12416K, reserved 1060864K
  class space    used 999K, capacity 1064K, committed 1152K, reserved 1048576K
}
Event: 5.851 GC heap before
{Heap before GC invocations=3 (full 0):
 garbage-first heap   total 262144K, used 86757K [0x0000000701400000, 0x0000000800000000)
  region size 1024K, 49 young (50176K), 4 survivors (4096K)
 Metaspace       used 12046K, capacity 12246K, committed 12416K, reserved 1060864K
  class space    used 999K, capacity 1064K, committed 1152K, reserved 1048576K
}
Event: 5.855 GC heap after
{Heap after GC invocations=4 (full 0):
 garbage-first heap   total 262144K, used 36833K [0x0000000701400000, 0x0000000800000000)
  region size 1024K, 7 young (7168K), 7 survivors (7168K)
 Metaspace       used 12046K, capacity 12246K, committed 12416K, reserved 1060864K
  class space    used 999K, capacity 1064K, committed 1152K, reserved 1048576K
}
Event: 6.534 GC heap before
{Heap before GC invocations=4 (full 0):
 garbage-first heap   total 262144K, used 126945K [0x0000000701400000, 0x0000000800000000)
  region size 1024K, 78 young (79872K), 7 survivors (7168K)
 Metaspace       used 12054K, capacity 12246K, committed 12416K, reserved 1060864K
  class space    used 999K, capacity 1064K, committed 1152K, reserved 1048576K
}
Event: 6.542 GC heap after
{Heap after GC invocations=5 (full 0):
 garbage-first heap   total 262144K, used 49119K [0x0000000701400000, 0x0000000800000000)
  region size 1024K, 10 young (10240K), 10 survivors (10240K)
 Metaspace       used 12054K, capacity 12246K, committed 12416K, reserved 1060864K
  class space    used 999K, capacity 1064K, committed 1152K, reserved 1048576K
}
Event: 10.453 GC heap before
{Heap before GC invocations=5 (full 0):
 garbage-first heap   total 262144K, used 138207K [0x0000000701400000, 0x0000000800000000)
  region size 1024K, 87 young (89088K), 10 survivors (10240K)
 Metaspace       used 12395K, capacity 12566K, committed 12928K, reserved 1060864K
  class space    used 1023K, capacity 1064K, committed 1152K, reserved 1048576K
}
Event: 10.476 GC heap after
{Heap after GC invocations=6 (full 0):
 garbage-first heap   total 262144K, used 56926K [0x0000000701400000, 0x0000000800000000)
  region size 1024K, 9 young (9216K), 9 survivors (9216K)
 Metaspace       used 12395K, capacity 12566K, committed 12928K, reserved 1060864K
  class space    used 1023K, capacity 1064K, committed 1152K, reserved 1048576K
}

